time="2025-04-03T03:18:46+03:00" level=info msg="create router" func="main.main()" file="app.go:16"
time="2025-04-03T03:18:46+03:00" level=info msg="register user handler" func="main.main()" file="app.go:19"
time="2025-04-03T03:24:34+03:00" level=info msg="create router" func="main.main()" file="app.go:15"
time="2025-04-03T03:24:34+03:00" level=info msg="register user handler" func="main.main()" file="app.go:18"
time="2025-04-03T03:24:34+03:00" level=info msg="start application" func="main.start()" file="app.go:27"
time="2025-04-03T03:24:34+03:00" level=info msg="server is listening port :1234" func="main.start()" file="app.go:39"
time="2025-04-03T04:09:24+03:00" level=info msg="create router" func="main.main()" file="app.go:20"
time="2025-04-03T04:09:24+03:00" level=info msg="read application configuration" func="restapi/internal/config.GetConfig.func1()" file="config.go:26"
time="2025-04-03T04:09:24+03:00" level=info func="restapi/internal/config.GetConfig.func1()" file="config.go:30"
time="2025-04-03T04:09:24+03:00" level=fatal msg="open config.yml: The system cannot find the file specified." func="restapi/internal/config.GetConfig.func1()" file="config.go:31"
time="2025-04-03T04:13:08+03:00" level=info msg="create router" func="main.main()" file="app.go:20"
time="2025-04-03T04:13:08+03:00" level=info msg="read application configuration" func="restapi/internal/config.GetConfig.func1()" file="config.go:26"
time="2025-04-03T04:13:08+03:00" level=info func="restapi/internal/config.GetConfig.func1()" file="config.go:30"
time="2025-04-03T04:13:08+03:00" level=fatal msg="open config.yml: The system cannot find the file specified." func="restapi/internal/config.GetConfig.func1()" file="config.go:31"
time="2025-04-03T04:15:34+03:00" level=info msg="create router" func="main.main()" file="app.go:20"
time="2025-04-03T04:15:34+03:00" level=info msg="read application configuration" func="restapi/internal/config.GetConfig.func1()" file="config.go:26"
time="2025-04-03T04:15:34+03:00" level=info func="restapi/internal/config.GetConfig.func1()" file="config.go:30"
time="2025-04-03T04:15:34+03:00" level=fatal msg="open config.yml: The system cannot find the file specified." func="restapi/internal/config.GetConfig.func1()" file="config.go:31"
time="2025-04-03T04:16:58+03:00" level=info msg="create router" func="main.main()" file="app.go:20"
time="2025-04-03T04:16:58+03:00" level=info msg="read application configuration" func="restapi/internal/config.GetConfig.func1()" file="config.go:26"
time="2025-04-03T04:16:58+03:00" level=info msg="register user handler" func="main.main()" file="app.go:25"
time="2025-04-03T04:16:58+03:00" level=info msg="start application" func="main.start()" file="app.go:34"
time="2025-04-03T04:16:58+03:00" level=info msg="listen tcp" func="main.start()" file="app.go:53"
time="2025-04-03T04:16:58+03:00" level=info msg="server is listening port %s:%s0.0.0.010000" func="main.start()" file="app.go:72"
time="2025-04-03T04:23:21+03:00" level=info msg="create router" func="main.main()" file="app.go:20"
time="2025-04-03T04:23:21+03:00" level=info msg="read application configuration" func="restapi/internal/config.GetConfig.func1()" file="config.go:26"
time="2025-04-03T04:23:21+03:00" level=info msg="register user handler" func="main.main()" file="app.go:25"
time="2025-04-03T04:23:21+03:00" level=info msg="start application" func="main.start()" file="app.go:34"
time="2025-04-03T04:23:21+03:00" level=info msg="listen tcp" func="main.start()" file="app.go:54"
time="2025-04-03T04:23:21+03:00" level=info msg="server is listening port %s:%s127.0.0.18080" func="main.start()" file="app.go:56"
time="2025-04-03T04:24:19+03:00" level=info msg="create router" func="main.main()" file="app.go:20"
time="2025-04-03T04:24:19+03:00" level=info msg="read application configuration" func="restapi/internal/config.GetConfig.func1()" file="config.go:26"
time="2025-04-03T04:24:19+03:00" level=info msg="register user handler" func="main.main()" file="app.go:25"
time="2025-04-03T04:24:19+03:00" level=info msg="start application" func="main.start()" file="app.go:34"
time="2025-04-03T04:24:19+03:00" level=info msg="detect app path" func="main.start()" file="app.go:42"
time="2025-04-03T04:24:19+03:00" level=info msg="create socket" func="main.start()" file="app.go:47"
time="2025-04-03T04:24:19+03:00" level=info msg="listen unix socket" func="main.start()" file="app.go:50"
time="2025-04-03T04:24:19+03:00" level=info msg="server is listening unix socket %sC:\\Users\\73B5~1\\AppData\\Local\\Temp\\go-build413537025\\b001\\exe/app.sock" func="main.start()" file="app.go:52"
time="2025-04-03T06:54:06+03:00" level=info msg="create router" func="main.main()" file="app.go:23"
time="2025-04-03T06:54:06+03:00" level=info msg="read application configuration" func="restapi/internal/config.GetConfig.func1()" file="config.go:35"
time="2025-04-03T07:03:14+03:00" level=info msg="create router" func="main.main()" file="app.go:23"
time="2025-04-03T07:03:14+03:00" level=info msg="read application configuration" func="restapi/internal/config.GetConfig.func1()" file="config.go:35"
time="2025-04-03T07:03:14+03:00" level=debug msg="create user" func="restapi/internal/user/db.(*db).Create()" file="mongodb.go:30"
time="2025-04-03T07:03:14+03:00" level=debug msg="convert InsertedID to ObjectID" func="restapi/internal/user/db.(*db).Create()" file="mongodb.go:36"
time="2025-04-03T07:03:14+03:00" level=trace msg="{ AlexExample@mail.ru Alexander 12345}" func="restapi/internal/user/db.(*db).Create()" file="mongodb.go:42"
